\BOOKMARK [0][-]{chapter.1}{Introduction}{}% 1
\BOOKMARK [1][-]{section.1.1}{Motivation / Context}{chapter.1}% 2
\BOOKMARK [1][-]{section.1.2}{Research Questions}{chapter.1}% 3
\BOOKMARK [1][-]{section.1.3}{Summary of the Contributions}{chapter.1}% 4
\BOOKMARK [1][-]{section.1.4}{The Structure or Outline of the Report}{chapter.1}% 5
\BOOKMARK [0][-]{chapter.2}{Related Work and Background}{}% 6
\BOOKMARK [1][-]{section.2.1}{Gamification and technology in exercise}{chapter.2}% 7
\BOOKMARK [2][-]{subsection.2.1.1}{Defining gamification in our context}{section.2.1}% 8
\BOOKMARK [2][-]{subsection.2.1.2}{Key Demographic and targeted users}{section.2.1}% 9
\BOOKMARK [1][-]{section.2.2}{Comparison of related applications}{chapter.2}% 10
\BOOKMARK [2][-]{subsection.2.2.1}{Charity Miles}{section.2.2}% 11
\BOOKMARK [2][-]{subsection.2.2.2}{Zombies, Run!}{section.2.2}% 12
\BOOKMARK [2][-]{subsection.2.2.3}{WalkJogRun}{section.2.2}% 13
\BOOKMARK [2][-]{subsection.2.2.4}{Fitbit}{section.2.2}% 14
\BOOKMARK [1][-]{section.2.3}{Consideration of competitors concepts in this project implementation}{chapter.2}% 15
\BOOKMARK [0][-]{chapter.3}{Design and Specification}{}% 16
\BOOKMARK [1][-]{section.3.1}{Aim/vision}{chapter.3}% 17
\BOOKMARK [1][-]{section.3.2}{Specification}{chapter.3}% 18
\BOOKMARK [2][-]{subsection.3.2.1}{Platform and Frameworks}{section.3.2}% 19
\BOOKMARK [2][-]{subsection.3.2.2}{N-Tier Diagram}{section.3.2}% 20
\BOOKMARK [2][-]{subsection.3.2.3}{Entity Relation Diagram}{section.3.2}% 21
\BOOKMARK [2][-]{subsection.3.2.4}{Walkthrough of Wireframes}{section.3.2}% 22
\BOOKMARK [1][-]{section.3.3}{Notable design decisions}{chapter.3}% 23
\BOOKMARK [2][-]{subsection.3.3.1}{Explicit caching}{section.3.3}% 24
\BOOKMARK [2][-]{subsection.3.3.2}{Promise Based Module Interfaces}{section.3.3}% 25
\BOOKMARK [2][-]{subsection.3.3.3}{Exercise Session Management}{section.3.3}% 26
\BOOKMARK [2][-]{subsection.3.3.4}{Distance Verification}{section.3.3}% 27
\BOOKMARK [0][-]{chapter.4}{Results and Analysis}{}% 28
\BOOKMARK [0][-]{chapter.5}{Discussion and Conclusion}{}% 29
\BOOKMARK [1][-]{section.5.1}{Acknowledgements}{chapter.5}% 30
